2025-11-28T14:46:36.7038610+01:00	[INFO]	Starting prisma migrate debug (after reset) in G:\PPTVGITHBNUB\ProPokerTV_merged
2025-11-28T14:46:36.8453439+01:00	[INFO]	Running pnpm prisma migrate dev --name init_user_profile_role_schema
Environment variables loaded from .env
Prisma schema loaded from prisma\schema.prisma
Datasource "db": SQLite database "dev.db" at "file:./dev.db"

- Drift detected: Your database schema is not in sync with your migration history.

The following is a summary of the differences between the expected database schema given your migrations files, and the actual schema of the database.

It should be understood as the set of changes to get from the expected schema to the actual schema.

[+] Added tables
  - Account
  - Session
  - User
  - VerificationToken
  - Video
  - Vote

[*] Changed the `Account` table
  [+] Added unique index on columns (provider, providerAccountId)

[*] Changed the `Session` table
  [+] Added unique index on columns (sessionToken)

[*] Changed the `User` table
  [+] Added unique index on columns (email)

[*] Changed the `VerificationToken` table
  [+] Added unique index on columns (identifier, token)
  [+] Added unique index on columns (token)

[*] Changed the `Vote` table
  [+] Added unique index on columns (videoId, userId)

- The following migration(s) are applied to the database but missing from the local migrations directory: 20251127175558_init

We need to reset the SQLite database "dev.db" at "file:./dev.db"

You may use prisma migrate reset to drop the development database.
All data will be lost.
2025-11-28T14:46:38.0724186+01:00	[ERROR]	prisma migrate dev failed with code 130
2025-11-28T14:46:38.0779949+01:00	[INFO]	Prisma migrate debug after reset finished
2025-11-28T14:46:38.1254366+01:00	[INFO]	Log signed successfully
