2025-11-28T16:52:39.6741264+01:00	[INFO]	Starting User.password + admin seed in G:\PPTVGITHBNUB\ProPokerTV_merged
2025-11-28T16:52:40.2528007+01:00	[INFO]	Using existing RSA keypair
2025-11-28T16:52:40.8096193+01:00	[INFO]	Backed up schema.prisma to G:\PPTVGITHBNUB\ProPokerTV_merged\fbl_project\rollback\schema.prisma.bak_user_password_20251128_165238
2025-11-28T16:52:41.8728518+01:00	[INFO]	Rewrote User model in schema.prisma with password + profile + role
2025-11-28T16:52:42.0470325+01:00	[INFO]	Running pnpm prisma migrate dev --name add_user_password
Environment variables loaded from .env
Prisma schema loaded from prisma\schema.prisma
Datasource "db": SQLite database "dev.db" at "file:./dev.db"

Applying migration `20251128155243_add_user_password`

The following migration(s) have been created and applied from new schema changes:

prisma\migrations/
  ÔööÔöÇ 20251128155243_add_user_password/
    ÔööÔöÇ migration.sql

Your database is now in sync with your schema.

Running generate... (Use --skip-generate to skip the generators)
[2K[1A[2K[GRunning generate... - Prisma Client
[2K[1A[2K[GÔ£ö Generated Prisma Client (v6.19.0) to .\node_modules\.pnpm\@prisma+client@6.19
.0_prism_0ade0c2032e7f19289902b884120cfab\node_modules\@prisma\client in 45ms


2025-11-28T16:52:43.4931194+01:00	[INFO]	prisma migrate dev completed successfully
2025-11-28T16:52:43.5073701+01:00	[INFO]	Running pnpm prisma generate
Environment variables loaded from .env
Prisma schema loaded from prisma\schema.prisma

Ô£ö Generated Prisma Client (v6.19.0) to .\node_modules\.pnpm\@prisma+client@6.19.0_prism_0ade0c2032e7f19289902b884120cfab\node_modules\@prisma\client in 44ms

Start by importing your Prisma Client (See: https://pris.ly/d/importing-client)

Tip: Want to turn off tips and other hints? https://pris.ly/tip-4-nohints

2025-11-28T16:52:44.9253038+01:00	[INFO]	prisma generate completed successfully
2025-11-28T16:52:45.2916660+01:00	[INFO]	Wrote prisma/seed/userSeed.ts (admin seeding)
2025-11-28T16:52:45.3508750+01:00	[INFO]	User.password + admin seed setup finished
2025-11-28T16:52:45.3567403+01:00	[INFO]	Log signed successfully
